[RUN_START] 2026-03-04T17:04:45.948645
DATASET_NAME=rel-trial
TASK_NAME=study-outcome
NUM_LAYERS=4
num_neighbors=[32, 32, 32, 32]
train_sample: n_pos=400, n_neg=320
val_sample:   n_pos=112, n_neg=80
SEARCH_L_MAX=3
SEARCH_K=3
SEARCH_BEAM_WIDTH=6
SEARCH_SAMPLING_SIZE=1
SEARCH_RANK_METRIC=auc_roc
------------------------------------------------------------
2026-03-04 17:04:45,975 - INFO - [MPS] rank_metric=auc_roc (used for beam pruning, ranking, and top-k combination checks)
2026-03-04 17:04:45,999 - INFO - [MPS] #candidate relations (connected to targets): 6
2026-03-04 17:49:02,718 - INFO - [MPS][hop=1] best relations (lower score loss is better):
2026-03-04 17:49:02,718 - INFO -   rel=17   loss=165.661 name=('studies', 'rev_f2p_nct_id', 'facilities_studies')
2026-03-04 17:49:02,718 - INFO -   rel=13   loss=499.465 name=('studies', 'rev_f2p_nct_id', 'sponsors_studies')
2026-03-04 17:49:02,718 - INFO -   rel=25   loss=834.952 name=('studies', 'rev_f2p_nct_id', 'designs')
2026-03-04 17:49:02,718 - INFO -   rel=23   loss=884.887 name=('studies', 'rev_f2p_nct_id', 'eligibilities')
2026-03-04 17:49:02,718 - INFO -   rel=1    loss=1316.08 name=('studies', 'rev_f2p_nct_id', 'conditions_studies')
2026-03-04 17:49:02,718 - INFO -   rel=9    loss=6796.42 name=('studies', 'rev_f2p_nct_id', 'interventions_studies')
2026-03-04 17:49:02,718 - INFO - [MPS][hop=1] worst relations:
2026-03-04 17:49:02,718 - INFO -   rel=17   loss=165.661 name=('studies', 'rev_f2p_nct_id', 'facilities_studies')
2026-03-04 17:49:02,718 - INFO -   rel=13   loss=499.465 name=('studies', 'rev_f2p_nct_id', 'sponsors_studies')
2026-03-04 17:49:02,718 - INFO -   rel=25   loss=834.952 name=('studies', 'rev_f2p_nct_id', 'designs')
2026-03-04 17:49:02,718 - INFO -   rel=23   loss=884.887 name=('studies', 'rev_f2p_nct_id', 'eligibilities')
2026-03-04 17:49:02,718 - INFO -   rel=1    loss=1316.08 name=('studies', 'rev_f2p_nct_id', 'conditions_studies')
2026-03-04 17:49:02,718 - INFO -   rel=9    loss=6796.42 name=('studies', 'rev_f2p_nct_id', 'interventions_studies')
2026-03-04 17:49:02,718 - INFO - [MPS][hop=1] evaluating top-3 seeds with mpgnn() on split=val
2026-03-04 18:06:33,169 - INFO - [MPS][hop=2] extending mp=[17] | #candidates=2 | taking top-2
2026-03-04 18:06:33,169 - INFO - [MPS][hop=2] best extensions for mp=[17]:
2026-03-04 18:06:33,169 - INFO -   rel=16   loss=6704 name=('facilities_studies', 'f2p_nct_id', 'studies')
2026-03-04 18:06:33,169 - INFO -   rel=18   loss=20211.1 name=('facilities_studies', 'f2p_facility_id', 'facilities')
2026-03-04 18:06:33,170 - INFO - [MPS][hop=2] worst extensions for mp=[17]:
2026-03-04 18:06:33,170 - INFO -   rel=16   loss=6704 name=('facilities_studies', 'f2p_nct_id', 'studies')
2026-03-04 18:06:33,170 - INFO -   rel=18   loss=20211.1 name=('facilities_studies', 'f2p_facility_id', 'facilities')
2026-03-04 18:13:00,885 - INFO - [MPS][hop=2] extending mp=[13] | #candidates=2 | taking top-2
2026-03-04 18:13:00,886 - INFO - [MPS][hop=2] best extensions for mp=[13]:
2026-03-04 18:13:00,886 - INFO -   rel=12   loss=0 name=('sponsors_studies', 'f2p_nct_id', 'studies')
2026-03-04 18:13:00,886 - INFO -   rel=14   loss=11547.1 name=('sponsors_studies', 'f2p_sponsor_id', 'sponsors')
2026-03-04 18:13:00,886 - INFO - [MPS][hop=2] worst extensions for mp=[13]:
2026-03-04 18:13:00,886 - INFO -   rel=12   loss=0 name=('sponsors_studies', 'f2p_nct_id', 'studies')
2026-03-04 18:13:00,886 - INFO -   rel=14   loss=11547.1 name=('sponsors_studies', 'f2p_sponsor_id', 'sponsors')
2026-03-04 18:15:28,284 - INFO - [MPS][hop=2] extending mp=[25] | #candidates=1 | taking top-1
2026-03-04 18:15:28,284 - INFO - [MPS][hop=2] best extensions for mp=[25]:
2026-03-04 18:15:28,284 - INFO -   rel=24   loss=0 name=('designs', 'f2p_nct_id', 'studies')
2026-03-04 18:15:28,284 - INFO - [MPS][hop=2] worst extensions for mp=[25]:
2026-03-04 18:15:28,284 - INFO -   rel=24   loss=0 name=('designs', 'f2p_nct_id', 'studies')
2026-03-04 18:26:13,973 - INFO - [MPS][hop=3] extending mp=[16, 17] | #candidates=6 | taking top-3
2026-03-04 18:26:13,973 - INFO - [MPS][hop=3] best extensions for mp=[16, 17]:
2026-03-04 18:26:13,974 - INFO -   rel=1    loss=13654.4 name=('studies', 'rev_f2p_nct_id', 'conditions_studies')
2026-03-04 18:26:13,974 - INFO -   rel=13   loss=19265.5 name=('studies', 'rev_f2p_nct_id', 'sponsors_studies')
2026-03-04 18:26:13,974 - INFO -   rel=25   loss=22833.5 name=('studies', 'rev_f2p_nct_id', 'designs')
2026-03-04 18:26:13,974 - INFO -   rel=17   loss=28957 name=('studies', 'rev_f2p_nct_id', 'facilities_studies')
2026-03-04 18:26:13,974 - INFO -   rel=23   loss=32031.5 name=('studies', 'rev_f2p_nct_id', 'eligibilities')
2026-03-04 18:26:13,974 - INFO -   rel=9    loss=42834.8 name=('studies', 'rev_f2p_nct_id', 'interventions_studies')
2026-03-04 18:26:13,974 - INFO - [MPS][hop=3] worst extensions for mp=[16, 17]:
2026-03-04 18:26:13,974 - INFO -   rel=1    loss=13654.4 name=('studies', 'rev_f2p_nct_id', 'conditions_studies')
2026-03-04 18:26:13,974 - INFO -   rel=13   loss=19265.5 name=('studies', 'rev_f2p_nct_id', 'sponsors_studies')
2026-03-04 18:26:13,974 - INFO -   rel=25   loss=22833.5 name=('studies', 'rev_f2p_nct_id', 'designs')
2026-03-04 18:26:13,974 - INFO -   rel=17   loss=28957 name=('studies', 'rev_f2p_nct_id', 'facilities_studies')
2026-03-04 18:26:13,974 - INFO -   rel=23   loss=32031.5 name=('studies', 'rev_f2p_nct_id', 'eligibilities')
2026-03-04 18:26:13,974 - INFO -   rel=9    loss=42834.8 name=('studies', 'rev_f2p_nct_id', 'interventions_studies')
2026-03-04 18:31:45,081 - INFO - [MPS][hop=3] extending mp=[18, 17] | #candidates=1 | taking top-1
2026-03-04 18:31:45,081 - INFO - [MPS][hop=3] best extensions for mp=[18, 17]:
2026-03-04 18:31:45,082 - INFO -   rel=19   loss=20616.4 name=('facilities', 'rev_f2p_facility_id', 'facilities_studies')
2026-03-04 18:31:45,082 - INFO - [MPS][hop=3] worst extensions for mp=[18, 17]:
2026-03-04 18:31:45,082 - INFO -   rel=19   loss=20616.4 name=('facilities', 'rev_f2p_facility_id', 'facilities_studies')
2026-03-04 18:46:40,595 - INFO - [MPS][hop=3] extending mp=[12, 13] | #candidates=6 | taking top-3
2026-03-04 18:46:40,596 - INFO - [MPS][hop=3] best extensions for mp=[12, 13]:
2026-03-04 18:46:40,596 - INFO -   rel=23   loss=364.372 name=('studies', 'rev_f2p_nct_id', 'eligibilities')
2026-03-04 18:46:40,596 - INFO -   rel=25   loss=695.221 name=('studies', 'rev_f2p_nct_id', 'designs')
2026-03-04 18:46:40,596 - INFO -   rel=13   loss=1691 name=('studies', 'rev_f2p_nct_id', 'sponsors_studies')
2026-03-04 18:46:40,596 - INFO -   rel=1    loss=2567 name=('studies', 'rev_f2p_nct_id', 'conditions_studies')
2026-03-04 18:46:40,596 - INFO -   rel=17   loss=4289.22 name=('studies', 'rev_f2p_nct_id', 'facilities_studies')
2026-03-04 18:46:40,596 - INFO -   rel=9    loss=8242.41 name=('studies', 'rev_f2p_nct_id', 'interventions_studies')
2026-03-04 18:46:40,596 - INFO - [MPS][hop=3] worst extensions for mp=[12, 13]:
2026-03-04 18:46:40,596 - INFO -   rel=23   loss=364.372 name=('studies', 'rev_f2p_nct_id', 'eligibilities')
2026-03-04 18:46:40,596 - INFO -   rel=25   loss=695.221 name=('studies', 'rev_f2p_nct_id', 'designs')
2026-03-04 18:46:40,596 - INFO -   rel=13   loss=1691 name=('studies', 'rev_f2p_nct_id', 'sponsors_studies')
2026-03-04 18:46:40,596 - INFO -   rel=1    loss=2567 name=('studies', 'rev_f2p_nct_id', 'conditions_studies')
2026-03-04 18:46:40,596 - INFO -   rel=17   loss=4289.22 name=('studies', 'rev_f2p_nct_id', 'facilities_studies')
2026-03-04 18:46:40,596 - INFO -   rel=9    loss=8242.41 name=('studies', 'rev_f2p_nct_id', 'interventions_studies')
2026-03-04 18:51:40,108 - INFO - [MPS][hop=3] extending mp=[14, 13] | #candidates=1 | taking top-1
2026-03-04 18:51:40,109 - INFO - [MPS][hop=3] best extensions for mp=[14, 13]:
2026-03-04 18:51:40,109 - INFO -   rel=15   loss=2000 name=('sponsors', 'rev_f2p_sponsor_id', 'sponsors_studies')
2026-03-04 18:51:40,109 - INFO - [MPS][hop=3] worst extensions for mp=[14, 13]:
2026-03-04 18:51:40,109 - INFO -   rel=15   loss=2000 name=('sponsors', 'rev_f2p_sponsor_id', 'sponsors_studies')
2026-03-04 19:02:54,897 - INFO - [MPS][hop=3] extending mp=[24, 25] | #candidates=6 | taking top-3
2026-03-04 19:02:54,898 - INFO - [MPS][hop=3] best extensions for mp=[24, 25]:
2026-03-04 19:02:54,898 - INFO -   rel=25   loss=0 name=('studies', 'rev_f2p_nct_id', 'designs')
2026-03-04 19:02:54,898 - INFO -   rel=23   loss=228.84 name=('studies', 'rev_f2p_nct_id', 'eligibilities')
2026-03-04 19:02:54,898 - INFO -   rel=1    loss=1498.05 name=('studies', 'rev_f2p_nct_id', 'conditions_studies')
2026-03-04 19:02:54,898 - INFO -   rel=13   loss=1646.29 name=('studies', 'rev_f2p_nct_id', 'sponsors_studies')
2026-03-04 19:02:54,898 - INFO -   rel=9    loss=4856.22 name=('studies', 'rev_f2p_nct_id', 'interventions_studies')
2026-03-04 19:02:54,898 - INFO -   rel=17   loss=13815.2 name=('studies', 'rev_f2p_nct_id', 'facilities_studies')
2026-03-04 19:02:54,898 - INFO - [MPS][hop=3] worst extensions for mp=[24, 25]:
2026-03-04 19:02:54,898 - INFO -   rel=25   loss=0 name=('studies', 'rev_f2p_nct_id', 'designs')
2026-03-04 19:02:54,898 - INFO -   rel=23   loss=228.84 name=('studies', 'rev_f2p_nct_id', 'eligibilities')
2026-03-04 19:02:54,898 - INFO -   rel=1    loss=1498.05 name=('studies', 'rev_f2p_nct_id', 'conditions_studies')
2026-03-04 19:02:54,898 - INFO -   rel=13   loss=1646.29 name=('studies', 'rev_f2p_nct_id', 'sponsors_studies')
2026-03-04 19:02:54,898 - INFO -   rel=9    loss=4856.22 name=('studies', 'rev_f2p_nct_id', 'interventions_studies')
2026-03-04 19:02:54,898 - INFO -   rel=17   loss=13815.2 name=('studies', 'rev_f2p_nct_id', 'facilities_studies')
2026-03-04 19:04:24,314 - INFO - [MPS] beam prune -> frontier=6 (beam_width=6, by auc_roc)
2026-03-04 19:09:38,797 - INFO - [MPS][hop=4] extending mp=[25, 24, 25] | #candidates=1 | taking top-1
2026-03-04 19:09:38,798 - INFO - [MPS][hop=4] best extensions for mp=[25, 24, 25]:
2026-03-04 19:09:38,798 - INFO -   rel=24   loss=350 name=('designs', 'f2p_nct_id', 'studies')
2026-03-04 19:09:38,798 - INFO - [MPS][hop=4] worst extensions for mp=[25, 24, 25]:
2026-03-04 19:09:38,798 - INFO -   rel=24   loss=350 name=('designs', 'f2p_nct_id', 'studies')
2026-03-04 19:15:13,891 - INFO - [MPS][hop=4] extending mp=[15, 14, 13] | #candidates=2 | taking top-2
2026-03-04 19:15:13,892 - INFO - [MPS][hop=4] best extensions for mp=[15, 14, 13]:
2026-03-04 19:15:13,892 - INFO -   rel=12   loss=10241 name=('sponsors_studies', 'f2p_nct_id', 'studies')
2026-03-04 19:15:13,892 - INFO -   rel=14   loss=10934 name=('sponsors_studies', 'f2p_sponsor_id', 'sponsors')
2026-03-04 19:15:13,892 - INFO - [MPS][hop=4] worst extensions for mp=[15, 14, 13]:
2026-03-04 19:15:13,892 - INFO -   rel=12   loss=10241 name=('sponsors_studies', 'f2p_nct_id', 'studies')
2026-03-04 19:15:13,892 - INFO -   rel=14   loss=10934 name=('sponsors_studies', 'f2p_sponsor_id', 'sponsors')
2026-03-04 19:21:12,757 - INFO - [MPS][hop=4] extending mp=[25, 16, 17] | #candidates=1 | taking top-1
2026-03-04 19:21:12,758 - INFO - [MPS][hop=4] best extensions for mp=[25, 16, 17]:
2026-03-04 19:21:12,758 - INFO -   rel=24   loss=22750.2 name=('designs', 'f2p_nct_id', 'studies')
2026-03-04 19:21:12,758 - INFO - [MPS][hop=4] worst extensions for mp=[25, 16, 17]:
2026-03-04 19:21:12,758 - INFO -   rel=24   loss=22750.2 name=('designs', 'f2p_nct_id', 'studies')
2026-03-04 19:26:02,252 - INFO - [MPS][hop=4] extending mp=[23, 24, 25] | #candidates=1 | taking top-1
2026-03-04 19:26:02,252 - INFO - [MPS][hop=4] best extensions for mp=[23, 24, 25]:
2026-03-04 19:26:02,252 - INFO -   rel=22   loss=29302.4 name=('eligibilities', 'f2p_nct_id', 'studies')
2026-03-04 19:26:02,252 - INFO - [MPS][hop=4] worst extensions for mp=[23, 24, 25]:
2026-03-04 19:26:02,252 - INFO -   rel=22   loss=29302.4 name=('eligibilities', 'f2p_nct_id', 'studies')
2026-03-04 19:33:30,874 - INFO - [MPS][hop=4] extending mp=[19, 18, 17] | #candidates=2 | taking top-2
2026-03-04 19:33:30,875 - INFO - [MPS][hop=4] best extensions for mp=[19, 18, 17]:
2026-03-04 19:33:30,875 - INFO -   rel=16   loss=21037 name=('facilities_studies', 'f2p_nct_id', 'studies')
2026-03-04 19:33:30,875 - INFO -   rel=18   loss=27094 name=('facilities_studies', 'f2p_facility_id', 'facilities')
2026-03-04 19:33:30,875 - INFO - [MPS][hop=4] worst extensions for mp=[19, 18, 17]:
2026-03-04 19:33:30,875 - INFO -   rel=16   loss=21037 name=('facilities_studies', 'f2p_nct_id', 'studies')
2026-03-04 19:33:30,875 - INFO -   rel=18   loss=27094 name=('facilities_studies', 'f2p_facility_id', 'facilities')
2026-03-04 19:42:19,061 - INFO - [MPS][hop=4] extending mp=[13, 16, 17] | #candidates=2 | taking top-2
2026-03-04 19:42:19,061 - INFO - [MPS][hop=4] best extensions for mp=[13, 16, 17]:
2026-03-04 19:42:19,061 - INFO -   rel=12   loss=21052 name=('sponsors_studies', 'f2p_nct_id', 'studies')
2026-03-04 19:42:19,061 - INFO -   rel=14   loss=36413.2 name=('sponsors_studies', 'f2p_sponsor_id', 'sponsors')
2026-03-04 19:42:19,061 - INFO - [MPS][hop=4] worst extensions for mp=[13, 16, 17]:
2026-03-04 19:42:19,061 - INFO -   rel=12   loss=21052 name=('sponsors_studies', 'f2p_nct_id', 'studies')
2026-03-04 19:42:19,061 - INFO -   rel=14   loss=36413.2 name=('sponsors_studies', 'f2p_sponsor_id', 'sponsors')
2026-03-04 19:43:40,119 - INFO - [MPS] beam prune -> frontier=6 (beam_width=6, by auc_roc)
2026-03-04 19:43:40,120 - INFO - [MPS] ALL_METAPATHS_SORTED split=val sort_by=auc_roc total=28
2026-03-04 19:43:40,120 - INFO - (path=[25, 24, 25], hop=3, sort_by=auc_roc) rank=1 auc_roc=0.653571
2026-03-04 19:43:40,120 - INFO - (path=[16, 19, 18, 17], hop=4, sort_by=auc_roc) rank=2 auc_roc=0.636607
2026-03-04 19:43:40,120 - INFO - (path=[14, 13, 16, 17], hop=4, sort_by=auc_roc) rank=3 auc_roc=0.636607
2026-03-04 19:43:40,120 - INFO - (path=[15, 14, 13], hop=3, sort_by=auc_roc) rank=4 auc_roc=0.635714
2026-03-04 19:43:40,120 - INFO - (path=[24, 25, 16, 17], hop=4, sort_by=auc_roc) rank=5 auc_roc=0.633929
2026-03-04 19:43:40,120 - INFO - (path=[16, 17], hop=2, sort_by=auc_roc) rank=6 auc_roc=0.629464
2026-03-04 19:43:40,120 - INFO - (path=[24, 25], hop=2, sort_by=auc_roc) rank=7 auc_roc=0.627679
2026-03-04 19:43:40,120 - INFO - (path=[25, 16, 17], hop=3, sort_by=auc_roc) rank=8 auc_roc=0.623214
2026-03-04 19:43:40,120 - INFO - (path=[18, 17], hop=2, sort_by=auc_roc) rank=9 auc_roc=0.619643
2026-03-04 19:43:40,121 - INFO - (path=[14, 13], hop=2, sort_by=auc_roc) rank=10 auc_roc=0.618750
2026-03-04 19:43:40,121 - INFO - (path=[23, 24, 25], hop=3, sort_by=auc_roc) rank=11 auc_roc=0.616964
2026-03-04 19:43:40,121 - INFO - (path=[17], hop=1, sort_by=auc_roc) rank=12 auc_roc=0.616071
2026-03-04 19:43:40,121 - INFO - (path=[14, 15, 14, 13], hop=4, sort_by=auc_roc) rank=13 auc_roc=0.615179
2026-03-04 19:43:40,121 - INFO - (path=[19, 18, 17], hop=3, sort_by=auc_roc) rank=14 auc_roc=0.612500
2026-03-04 19:43:40,121 - INFO - (path=[13, 16, 17], hop=3, sort_by=auc_roc) rank=15 auc_roc=0.611607
2026-03-04 19:43:40,121 - INFO - (path=[1, 16, 17], hop=3, sort_by=auc_roc) rank=16 auc_roc=0.607143
2026-03-04 19:43:40,121 - INFO - (path=[22, 23, 24, 25], hop=4, sort_by=auc_roc) rank=17 auc_roc=0.603571
2026-03-04 19:43:40,121 - INFO - (path=[13], hop=1, sort_by=auc_roc) rank=18 auc_roc=0.600893
2026-03-04 19:43:40,121 - INFO - (path=[25], hop=1, sort_by=auc_roc) rank=19 auc_roc=0.600893
2026-03-04 19:43:40,121 - INFO - (path=[24, 25, 24, 25], hop=4, sort_by=auc_roc) rank=20 auc_roc=0.599107
2026-03-04 19:43:40,121 - INFO - (path=[1, 24, 25], hop=3, sort_by=auc_roc) rank=21 auc_roc=0.597321
2026-03-04 19:43:40,121 - INFO - (path=[13, 12, 13], hop=3, sort_by=auc_roc) rank=22 auc_roc=0.597321
2026-03-04 19:43:40,121 - INFO - (path=[18, 19, 18, 17], hop=4, sort_by=auc_roc) rank=23 auc_roc=0.593750
2026-03-04 19:43:40,121 - INFO - (path=[12, 13, 16, 17], hop=4, sort_by=auc_roc) rank=24 auc_roc=0.586607
2026-03-04 19:43:40,121 - INFO - (path=[25, 12, 13], hop=3, sort_by=auc_roc) rank=25 auc_roc=0.583036
2026-03-04 19:43:40,121 - INFO - (path=[23, 12, 13], hop=3, sort_by=auc_roc) rank=26 auc_roc=0.581250
2026-03-04 19:43:40,121 - INFO - (path=[12, 13], hop=2, sort_by=auc_roc) rank=27 auc_roc=0.572321
2026-03-04 19:43:40,121 - INFO - (path=[12, 15, 14, 13], hop=4, sort_by=auc_roc) rank=28 auc_roc=0.562500
