rank=1  auc_roc=0.627679  hop=3  sort_by=auc_roc  path=[1, 8, 9]
  decoded (logged order):
    1 ('UserInfo', 'rev_f2p_UserID', 'VisitStream')
    8 ('PhoneRequestsStream', 'f2p_UserID', 'UserInfo')
    9 ('UserInfo', 'rev_f2p_UserID', 'PhoneRequestsStream')
  decoded (forward order = reverse(path)): [9, 8, 1]
    9 ('UserInfo', 'rev_f2p_UserID', 'PhoneRequestsStream')
    8 ('PhoneRequestsStream', 'f2p_UserID', 'UserInfo')
    1 ('UserInfo', 'rev_f2p_UserID', 'VisitStream')

rank=2  auc_roc=0.618750  hop=4  sort_by=auc_roc  path=[4, 7, 2, 1]
  decoded (logged order):
    4 ('SearchStream', 'f2p_SearchID', 'SearchInfo')
    7 ('AdsInfo', 'rev_f2p_AdID', 'SearchStream')
    2 ('VisitStream', 'f2p_AdID', 'AdsInfo')
    1 ('UserInfo', 'rev_f2p_UserID', 'VisitStream')
  decoded (forward order = reverse(path)): [1, 2, 7, 4]
    1 ('UserInfo', 'rev_f2p_UserID', 'VisitStream')
    2 ('VisitStream', 'f2p_AdID', 'AdsInfo')
    7 ('AdsInfo', 'rev_f2p_AdID', 'SearchStream')
    4 ('SearchStream', 'f2p_SearchID', 'SearchInfo')

rank=3  auc_roc=0.617857  hop=2  sort_by=auc_roc  path=[5, 13]
  decoded (logged order):
    5 ('SearchInfo', 'rev_f2p_SearchID', 'SearchStream')
    13 ('UserInfo', 'rev_f2p_UserID', 'SearchInfo')
  decoded (forward order = reverse(path)): [13, 5]
    13 ('UserInfo', 'rev_f2p_UserID', 'SearchInfo')
    5 ('SearchInfo', 'rev_f2p_SearchID', 'SearchStream')

rank=4  auc_roc=0.616071  hop=3  sort_by=auc_roc  path=[13, 0, 1]
  decoded (logged order):
    13 ('UserInfo', 'rev_f2p_UserID', 'SearchInfo')
    0 ('VisitStream', 'f2p_UserID', 'UserInfo')
    1 ('UserInfo', 'rev_f2p_UserID', 'VisitStream')
  decoded (forward order = reverse(path)): [1, 0, 13]
    1 ('UserInfo', 'rev_f2p_UserID', 'VisitStream')
    0 ('VisitStream', 'f2p_UserID', 'UserInfo')
    13 ('UserInfo', 'rev_f2p_UserID', 'SearchInfo')

rank=5  auc_roc=0.615179  hop=3  sort_by=auc_roc  path=[9, 0, 1]
  decoded (logged order):
    9 ('UserInfo', 'rev_f2p_UserID', 'PhoneRequestsStream')
    0 ('VisitStream', 'f2p_UserID', 'UserInfo')
    1 ('UserInfo', 'rev_f2p_UserID', 'VisitStream')
  decoded (forward order = reverse(path)): [1, 0, 9]
    1 ('UserInfo', 'rev_f2p_UserID', 'VisitStream')
    0 ('VisitStream', 'f2p_UserID', 'UserInfo')
    9 ('UserInfo', 'rev_f2p_UserID', 'PhoneRequestsStream')

rank=6  auc_roc=0.613393  hop=4  sort_by=auc_roc  path=[16, 13, 0, 1]
  decoded (logged order):
    16 ('SearchInfo', 'f2p_CategoryID', 'Category')
    13 ('UserInfo', 'rev_f2p_UserID', 'SearchInfo')
    0 ('VisitStream', 'f2p_UserID', 'UserInfo')
    1 ('UserInfo', 'rev_f2p_UserID', 'VisitStream')
  decoded (forward order = reverse(path)): [1, 0, 13, 16]
    1 ('UserInfo', 'rev_f2p_UserID', 'VisitStream')
    0 ('VisitStream', 'f2p_UserID', 'UserInfo')
    13 ('UserInfo', 'rev_f2p_UserID', 'SearchInfo')
    16 ('SearchInfo', 'f2p_CategoryID', 'Category')

rank=7  auc_roc=0.606250  hop=3  sort_by=auc_roc  path=[7, 2, 1]
  decoded (logged order):
    7 ('AdsInfo', 'rev_f2p_AdID', 'SearchStream')
    2 ('VisitStream', 'f2p_AdID', 'AdsInfo')
    1 ('UserInfo', 'rev_f2p_UserID', 'VisitStream')
  decoded (forward order = reverse(path)): [1, 2, 7]
    1 ('UserInfo', 'rev_f2p_UserID', 'VisitStream')
    2 ('VisitStream', 'f2p_AdID', 'AdsInfo')
    7 ('AdsInfo', 'rev_f2p_AdID', 'SearchStream')

rank=8  auc_roc=0.605357  hop=4  sort_by=auc_roc  path=[16, 4, 5, 13]
  decoded (logged order):
    16 ('SearchInfo', 'f2p_CategoryID', 'Category')
    4 ('SearchStream', 'f2p_SearchID', 'SearchInfo')
    5 ('SearchInfo', 'rev_f2p_SearchID', 'SearchStream')
    13 ('UserInfo', 'rev_f2p_UserID', 'SearchInfo')
  decoded (forward order = reverse(path)): [13, 5, 4, 16]
    13 ('UserInfo', 'rev_f2p_UserID', 'SearchInfo')
    5 ('SearchInfo', 'rev_f2p_SearchID', 'SearchStream')
    4 ('SearchStream', 'f2p_SearchID', 'SearchInfo')
    16 ('SearchInfo', 'f2p_CategoryID', 'Category')

rank=9  auc_roc=0.603571  hop=4  sort_by=auc_roc  path=[2, 1, 8, 9]
  decoded (logged order):
    2 ('VisitStream', 'f2p_AdID', 'AdsInfo')
    1 ('UserInfo', 'rev_f2p_UserID', 'VisitStream')
    8 ('PhoneRequestsStream', 'f2p_UserID', 'UserInfo')
    9 ('UserInfo', 'rev_f2p_UserID', 'PhoneRequestsStream')
  decoded (forward order = reverse(path)): [9, 8, 1, 2]
    9 ('UserInfo', 'rev_f2p_UserID', 'PhoneRequestsStream')
    8 ('PhoneRequestsStream', 'f2p_UserID', 'UserInfo')
    1 ('UserInfo', 'rev_f2p_UserID', 'VisitStream')
    2 ('VisitStream', 'f2p_AdID', 'AdsInfo')

rank=10  auc_roc=0.602679  hop=2  sort_by=auc_roc  path=[8, 9]
  decoded (logged order):
    8 ('PhoneRequestsStream', 'f2p_UserID', 'UserInfo')
    9 ('UserInfo', 'rev_f2p_UserID', 'PhoneRequestsStream')
  decoded (forward order = reverse(path)): [9, 8]
    9 ('UserInfo', 'rev_f2p_UserID', 'PhoneRequestsStream')
    8 ('PhoneRequestsStream', 'f2p_UserID', 'UserInfo')

rank=11  auc_roc=0.601786  hop=3  sort_by=auc_roc  path=[4, 5, 13]
  decoded (logged order):
    4 ('SearchStream', 'f2p_SearchID', 'SearchInfo')
    5 ('SearchInfo', 'rev_f2p_SearchID', 'SearchStream')
    13 ('UserInfo', 'rev_f2p_UserID', 'SearchInfo')
  decoded (forward order = reverse(path)): [13, 5, 4]
    13 ('UserInfo', 'rev_f2p_UserID', 'SearchInfo')
    5 ('SearchInfo', 'rev_f2p_SearchID', 'SearchStream')
    4 ('SearchStream', 'f2p_SearchID', 'SearchInfo')

rank=12  auc_roc=0.601786  hop=4  sort_by=auc_roc  path=[8, 9, 0, 1]
  decoded (logged order):
    8 ('PhoneRequestsStream', 'f2p_UserID', 'UserInfo')
    9 ('UserInfo', 'rev_f2p_UserID', 'PhoneRequestsStream')
    0 ('VisitStream', 'f2p_UserID', 'UserInfo')
    1 ('UserInfo', 'rev_f2p_UserID', 'VisitStream')
  decoded (forward order = reverse(path)): [1, 0, 9, 8]
    1 ('UserInfo', 'rev_f2p_UserID', 'VisitStream')
    0 ('VisitStream', 'f2p_UserID', 'UserInfo')
    9 ('UserInfo', 'rev_f2p_UserID', 'PhoneRequestsStream')
    8 ('PhoneRequestsStream', 'f2p_UserID', 'UserInfo')

rank=13  auc_roc=0.600893  hop=4  sort_by=auc_roc  path=[6, 7, 2, 1]
  decoded (logged order):
    6 ('SearchStream', 'f2p_AdID', 'AdsInfo')
    7 ('AdsInfo', 'rev_f2p_AdID', 'SearchStream')
    2 ('VisitStream', 'f2p_AdID', 'AdsInfo')
    1 ('UserInfo', 'rev_f2p_UserID', 'VisitStream')
  decoded (forward order = reverse(path)): [1, 2, 7, 6]
    1 ('UserInfo', 'rev_f2p_UserID', 'VisitStream')
    2 ('VisitStream', 'f2p_AdID', 'AdsInfo')
    7 ('AdsInfo', 'rev_f2p_AdID', 'SearchStream')
    6 ('SearchStream', 'f2p_AdID', 'AdsInfo')

rank=14  auc_roc=0.600000  hop=4  sort_by=auc_roc  path=[5, 13, 0, 1]
  decoded (logged order):
    5 ('SearchInfo', 'rev_f2p_SearchID', 'SearchStream')
    13 ('UserInfo', 'rev_f2p_UserID', 'SearchInfo')
    0 ('VisitStream', 'f2p_UserID', 'UserInfo')
    1 ('UserInfo', 'rev_f2p_UserID', 'VisitStream')
  decoded (forward order = reverse(path)): [1, 0, 13, 5]
    1 ('UserInfo', 'rev_f2p_UserID', 'VisitStream')
    0 ('VisitStream', 'f2p_UserID', 'UserInfo')
    13 ('UserInfo', 'rev_f2p_UserID', 'SearchInfo')
    5 ('SearchInfo', 'rev_f2p_SearchID', 'SearchStream')

rank=15  auc_roc=0.597321  hop=4  sort_by=auc_roc  path=[5, 4, 5, 13]
  decoded (logged order):
    5 ('SearchInfo', 'rev_f2p_SearchID', 'SearchStream')
    4 ('SearchStream', 'f2p_SearchID', 'SearchInfo')
    5 ('SearchInfo', 'rev_f2p_SearchID', 'SearchStream')
    13 ('UserInfo', 'rev_f2p_UserID', 'SearchInfo')
  decoded (forward order = reverse(path)): [13, 5, 4, 5]
    13 ('UserInfo', 'rev_f2p_UserID', 'SearchInfo')
    5 ('SearchInfo', 'rev_f2p_SearchID', 'SearchStream')
    4 ('SearchStream', 'f2p_SearchID', 'SearchInfo')
    5 ('SearchInfo', 'rev_f2p_SearchID', 'SearchStream')

rank=16  auc_roc=0.592857  hop=2  sort_by=auc_roc  path=[12, 13]
  decoded (logged order):
    12 ('SearchInfo', 'f2p_UserID', 'UserInfo')
    13 ('UserInfo', 'rev_f2p_UserID', 'SearchInfo')
  decoded (forward order = reverse(path)): [13, 12]
    13 ('UserInfo', 'rev_f2p_UserID', 'SearchInfo')
    12 ('SearchInfo', 'f2p_UserID', 'UserInfo')

rank=17  auc_roc=0.591071  hop=2  sort_by=auc_roc  path=[2, 1]
  decoded (logged order):
    2 ('VisitStream', 'f2p_AdID', 'AdsInfo')
    1 ('UserInfo', 'rev_f2p_UserID', 'VisitStream')
  decoded (forward order = reverse(path)): [1, 2]
    1 ('UserInfo', 'rev_f2p_UserID', 'VisitStream')
    2 ('VisitStream', 'f2p_AdID', 'AdsInfo')

rank=18  auc_roc=0.590179  hop=4  sort_by=auc_roc  path=[0, 1, 8, 9]
  decoded (logged order):
    0 ('VisitStream', 'f2p_UserID', 'UserInfo')
    1 ('UserInfo', 'rev_f2p_UserID', 'VisitStream')
    8 ('PhoneRequestsStream', 'f2p_UserID', 'UserInfo')
    9 ('UserInfo', 'rev_f2p_UserID', 'PhoneRequestsStream')
  decoded (forward order = reverse(path)): [9, 8, 1, 0]
    9 ('UserInfo', 'rev_f2p_UserID', 'PhoneRequestsStream')
    8 ('PhoneRequestsStream', 'f2p_UserID', 'UserInfo')
    1 ('UserInfo', 'rev_f2p_UserID', 'VisitStream')
    0 ('VisitStream', 'f2p_UserID', 'UserInfo')

rank=19  auc_roc=0.590179  hop=4  sort_by=auc_roc  path=[14, 4, 5, 13]
  decoded (logged order):
    14 ('SearchInfo', 'f2p_LocationID', 'Location')
    4 ('SearchStream', 'f2p_SearchID', 'SearchInfo')
    5 ('SearchInfo', 'rev_f2p_SearchID', 'SearchStream')
    13 ('UserInfo', 'rev_f2p_UserID', 'SearchInfo')
  decoded (forward order = reverse(path)): [13, 5, 4, 14]
    13 ('UserInfo', 'rev_f2p_UserID', 'SearchInfo')
    5 ('SearchInfo', 'rev_f2p_SearchID', 'SearchStream')
    4 ('SearchStream', 'f2p_SearchID', 'SearchInfo')
    14 ('SearchInfo', 'f2p_LocationID', 'Location')

rank=20  auc_roc=0.589286  hop=3  sort_by=auc_roc  path=[1, 12, 13]
  decoded (logged order):
    1 ('UserInfo', 'rev_f2p_UserID', 'VisitStream')
    12 ('SearchInfo', 'f2p_UserID', 'UserInfo')
    13 ('UserInfo', 'rev_f2p_UserID', 'SearchInfo')
  decoded (forward order = reverse(path)): [13, 12, 1]
    13 ('UserInfo', 'rev_f2p_UserID', 'SearchInfo')
    12 ('SearchInfo', 'f2p_UserID', 'UserInfo')
    1 ('UserInfo', 'rev_f2p_UserID', 'VisitStream')

rank=21  auc_roc=0.588393  hop=4  sort_by=auc_roc  path=[0, 1, 12, 13]
  decoded (logged order):
    0 ('VisitStream', 'f2p_UserID', 'UserInfo')
    1 ('UserInfo', 'rev_f2p_UserID', 'VisitStream')
    12 ('SearchInfo', 'f2p_UserID', 'UserInfo')
    13 ('UserInfo', 'rev_f2p_UserID', 'SearchInfo')
  decoded (forward order = reverse(path)): [13, 12, 1, 0]
    13 ('UserInfo', 'rev_f2p_UserID', 'SearchInfo')
    12 ('SearchInfo', 'f2p_UserID', 'UserInfo')
    1 ('UserInfo', 'rev_f2p_UserID', 'VisitStream')
    0 ('VisitStream', 'f2p_UserID', 'UserInfo')

rank=22  auc_roc=0.585714  hop=3  sort_by=auc_roc  path=[6, 5, 13]
  decoded (logged order):
    6 ('SearchStream', 'f2p_AdID', 'AdsInfo')
    5 ('SearchInfo', 'rev_f2p_SearchID', 'SearchStream')
    13 ('UserInfo', 'rev_f2p_UserID', 'SearchInfo')
  decoded (forward order = reverse(path)): [13, 5, 6]
    13 ('UserInfo', 'rev_f2p_UserID', 'SearchInfo')
    5 ('SearchInfo', 'rev_f2p_SearchID', 'SearchStream')
    6 ('SearchStream', 'f2p_AdID', 'AdsInfo')

rank=23  auc_roc=0.583929  hop=2  sort_by=auc_roc  path=[14, 13]
  decoded (logged order):
    14 ('SearchInfo', 'f2p_LocationID', 'Location')
    13 ('UserInfo', 'rev_f2p_UserID', 'SearchInfo')
  decoded (forward order = reverse(path)): [13, 14]
    13 ('UserInfo', 'rev_f2p_UserID', 'SearchInfo')
    14 ('SearchInfo', 'f2p_LocationID', 'Location')

rank=24  auc_roc=0.583036  hop=3  sort_by=auc_roc  path=[9, 12, 13]
  decoded (logged order):
    9 ('UserInfo', 'rev_f2p_UserID', 'PhoneRequestsStream')
    12 ('SearchInfo', 'f2p_UserID', 'UserInfo')
    13 ('UserInfo', 'rev_f2p_UserID', 'SearchInfo')
  decoded (forward order = reverse(path)): [13, 12, 9]
    13 ('UserInfo', 'rev_f2p_UserID', 'SearchInfo')
    12 ('SearchInfo', 'f2p_UserID', 'UserInfo')
    9 ('UserInfo', 'rev_f2p_UserID', 'PhoneRequestsStream')

rank=25  auc_roc=0.582143  hop=2  sort_by=auc_roc  path=[0, 1]
  decoded (logged order):
    0 ('VisitStream', 'f2p_UserID', 'UserInfo')
    1 ('UserInfo', 'rev_f2p_UserID', 'VisitStream')
  decoded (forward order = reverse(path)): [1, 0]
    1 ('UserInfo', 'rev_f2p_UserID', 'VisitStream')
    0 ('VisitStream', 'f2p_UserID', 'UserInfo')

rank=26  auc_roc=0.580357  hop=3  sort_by=auc_roc  path=[18, 2, 1]
  decoded (logged order):
    18 ('AdsInfo', 'f2p_LocationID', 'Location')
    2 ('VisitStream', 'f2p_AdID', 'AdsInfo')
    1 ('UserInfo', 'rev_f2p_UserID', 'VisitStream')
  decoded (forward order = reverse(path)): [1, 2, 18]
    1 ('UserInfo', 'rev_f2p_UserID', 'VisitStream')
    2 ('VisitStream', 'f2p_AdID', 'AdsInfo')
    18 ('AdsInfo', 'f2p_LocationID', 'Location')

rank=27  auc_roc=0.578571  hop=3  sort_by=auc_roc  path=[20, 2, 1]
  decoded (logged order):
    20 ('AdsInfo', 'f2p_CategoryID', 'Category')
    2 ('VisitStream', 'f2p_AdID', 'AdsInfo')
    1 ('UserInfo', 'rev_f2p_UserID', 'VisitStream')
  decoded (forward order = reverse(path)): [1, 2, 20]
    1 ('UserInfo', 'rev_f2p_UserID', 'VisitStream')
    2 ('VisitStream', 'f2p_AdID', 'AdsInfo')
    20 ('AdsInfo', 'f2p_CategoryID', 'Category')

rank=28  auc_roc=0.575893  hop=4  sort_by=auc_roc  path=[12, 13, 0, 1]
  decoded (logged order):
    12 ('SearchInfo', 'f2p_UserID', 'UserInfo')
    13 ('UserInfo', 'rev_f2p_UserID', 'SearchInfo')
    0 ('VisitStream', 'f2p_UserID', 'UserInfo')
    1 ('UserInfo', 'rev_f2p_UserID', 'VisitStream')
  decoded (forward order = reverse(path)): [1, 0, 13, 12]
    1 ('UserInfo', 'rev_f2p_UserID', 'VisitStream')
    0 ('VisitStream', 'f2p_UserID', 'UserInfo')
    13 ('UserInfo', 'rev_f2p_UserID', 'SearchInfo')
    12 ('SearchInfo', 'f2p_UserID', 'UserInfo')

rank=29  auc_roc=0.575893  hop=3  sort_by=auc_roc  path=[15, 14, 13]
  decoded (logged order):
    15 ('Location', 'rev_f2p_LocationID', 'SearchInfo')
    14 ('SearchInfo', 'f2p_LocationID', 'Location')
    13 ('UserInfo', 'rev_f2p_UserID', 'SearchInfo')
  decoded (forward order = reverse(path)): [13, 14, 15]
    13 ('UserInfo', 'rev_f2p_UserID', 'SearchInfo')
    14 ('SearchInfo', 'f2p_LocationID', 'Location')
    15 ('Location', 'rev_f2p_LocationID', 'SearchInfo')

rank=30  auc_roc=0.573214  hop=4  sort_by=auc_roc  path=[10, 9, 0, 1]
  decoded (logged order):
    10 ('PhoneRequestsStream', 'f2p_AdID', 'AdsInfo')
    9 ('UserInfo', 'rev_f2p_UserID', 'PhoneRequestsStream')
    0 ('VisitStream', 'f2p_UserID', 'UserInfo')
    1 ('UserInfo', 'rev_f2p_UserID', 'VisitStream')
  decoded (forward order = reverse(path)): [1, 0, 9, 10]
    1 ('UserInfo', 'rev_f2p_UserID', 'VisitStream')
    0 ('VisitStream', 'f2p_UserID', 'UserInfo')
    9 ('UserInfo', 'rev_f2p_UserID', 'PhoneRequestsStream')
    10 ('PhoneRequestsStream', 'f2p_AdID', 'AdsInfo')

rank=31  auc_roc=0.572321  hop=1  sort_by=auc_roc  path=[13]
  decoded (logged order):
    13 ('UserInfo', 'rev_f2p_UserID', 'SearchInfo')
  decoded (forward order = reverse(path)): [13]
    13 ('UserInfo', 'rev_f2p_UserID', 'SearchInfo')

rank=32  auc_roc=0.572321  hop=1  sort_by=auc_roc  path=[9]
  decoded (logged order):
    9 ('UserInfo', 'rev_f2p_UserID', 'PhoneRequestsStream')
  decoded (forward order = reverse(path)): [9]
    9 ('UserInfo', 'rev_f2p_UserID', 'PhoneRequestsStream')

rank=33  auc_roc=0.572321  hop=4  sort_by=auc_roc  path=[2, 1, 12, 13]
  decoded (logged order):
    2 ('VisitStream', 'f2p_AdID', 'AdsInfo')
    1 ('UserInfo', 'rev_f2p_UserID', 'VisitStream')
    12 ('SearchInfo', 'f2p_UserID', 'UserInfo')
    13 ('UserInfo', 'rev_f2p_UserID', 'SearchInfo')
  decoded (forward order = reverse(path)): [13, 12, 1, 2]
    13 ('UserInfo', 'rev_f2p_UserID', 'SearchInfo')
    12 ('SearchInfo', 'f2p_UserID', 'UserInfo')
    1 ('UserInfo', 'rev_f2p_UserID', 'VisitStream')
    2 ('VisitStream', 'f2p_AdID', 'AdsInfo')

rank=34  auc_roc=0.571429  hop=3  sort_by=auc_roc  path=[19, 14, 13]
  decoded (logged order):
    19 ('Location', 'rev_f2p_LocationID', 'AdsInfo')
    14 ('SearchInfo', 'f2p_LocationID', 'Location')
    13 ('UserInfo', 'rev_f2p_UserID', 'SearchInfo')
  decoded (forward order = reverse(path)): [13, 14, 19]
    13 ('UserInfo', 'rev_f2p_UserID', 'SearchInfo')
    14 ('SearchInfo', 'f2p_LocationID', 'Location')
    19 ('Location', 'rev_f2p_LocationID', 'AdsInfo')

rank=35  auc_roc=0.568750  hop=3  sort_by=auc_roc  path=[13, 8, 9]
  decoded (logged order):
    13 ('UserInfo', 'rev_f2p_UserID', 'SearchInfo')
    8 ('PhoneRequestsStream', 'f2p_UserID', 'UserInfo')
    9 ('UserInfo', 'rev_f2p_UserID', 'PhoneRequestsStream')
  decoded (forward order = reverse(path)): [9, 8, 13]
    9 ('UserInfo', 'rev_f2p_UserID', 'PhoneRequestsStream')
    8 ('PhoneRequestsStream', 'f2p_UserID', 'UserInfo')
    13 ('UserInfo', 'rev_f2p_UserID', 'SearchInfo')

rank=36  auc_roc=0.563393  hop=3  sort_by=auc_roc  path=[13, 12, 13]
  decoded (logged order):
    13 ('UserInfo', 'rev_f2p_UserID', 'SearchInfo')
    12 ('SearchInfo', 'f2p_UserID', 'UserInfo')
    13 ('UserInfo', 'rev_f2p_UserID', 'SearchInfo')
  decoded (forward order = reverse(path)): [13, 12, 13]
    13 ('UserInfo', 'rev_f2p_UserID', 'SearchInfo')
    12 ('SearchInfo', 'f2p_UserID', 'UserInfo')
    13 ('UserInfo', 'rev_f2p_UserID', 'SearchInfo')

rank=37  auc_roc=0.560714  hop=1  sort_by=auc_roc  path=[1]
  decoded (logged order):
    1 ('UserInfo', 'rev_f2p_UserID', 'VisitStream')
  decoded (forward order = reverse(path)): [1]
    1 ('UserInfo', 'rev_f2p_UserID', 'VisitStream')

rank=38  auc_roc=0.560714  hop=3  sort_by=auc_roc  path=[9, 8, 9]
  decoded (logged order):
    9 ('UserInfo', 'rev_f2p_UserID', 'PhoneRequestsStream')
    8 ('PhoneRequestsStream', 'f2p_UserID', 'UserInfo')
    9 ('UserInfo', 'rev_f2p_UserID', 'PhoneRequestsStream')
  decoded (forward order = reverse(path)): [9, 8, 9]
    9 ('UserInfo', 'rev_f2p_UserID', 'PhoneRequestsStream')
    8 ('PhoneRequestsStream', 'f2p_UserID', 'UserInfo')
    9 ('UserInfo', 'rev_f2p_UserID', 'PhoneRequestsStream')

rank=39  auc_roc=0.560714  hop=3  sort_by=auc_roc  path=[1, 0, 1]
  decoded (logged order):
    1 ('UserInfo', 'rev_f2p_UserID', 'VisitStream')
    0 ('VisitStream', 'f2p_UserID', 'UserInfo')
    1 ('UserInfo', 'rev_f2p_UserID', 'VisitStream')
  decoded (forward order = reverse(path)): [1, 0, 1]
    1 ('UserInfo', 'rev_f2p_UserID', 'VisitStream')
    0 ('VisitStream', 'f2p_UserID', 'UserInfo')
    1 ('UserInfo', 'rev_f2p_UserID', 'VisitStream')

rank=40  auc_roc=0.554464  hop=2  sort_by=auc_roc  path=[10, 9]
  decoded (logged order):
    10 ('PhoneRequestsStream', 'f2p_AdID', 'AdsInfo')
    9 ('UserInfo', 'rev_f2p_UserID', 'PhoneRequestsStream')
  decoded (forward order = reverse(path)): [9, 10]
    9 ('UserInfo', 'rev_f2p_UserID', 'PhoneRequestsStream')
    10 ('PhoneRequestsStream', 'f2p_AdID', 'AdsInfo')

