rank=1  auc_roc=0.833333  hop=3  sort_by=auc_roc  path=[15, 14, 15]
  decoded (logged order):
    15 ('users', 'rev_f2p_user_id', 'beer_ratings')
    14 ('beer_ratings', 'f2p_user_id', 'users')
    15 ('users', 'rev_f2p_user_id', 'beer_ratings')
  decoded (forward order = reverse(path)): [15, 14, 15]
    15 ('users', 'rev_f2p_user_id', 'beer_ratings')
    14 ('beer_ratings', 'f2p_user_id', 'users')
    15 ('users', 'rev_f2p_user_id', 'beer_ratings')

rank=2  auc_roc=0.833333  hop=4  sort_by=auc_roc  path=[16, 15, 14, 15]
  decoded (logged order):
    16 ('beer_ratings', 'f2p_beer_id', 'beers')
    15 ('users', 'rev_f2p_user_id', 'beer_ratings')
    14 ('beer_ratings', 'f2p_user_id', 'users')
    15 ('users', 'rev_f2p_user_id', 'beer_ratings')
  decoded (forward order = reverse(path)): [15, 14, 15, 16]
    15 ('users', 'rev_f2p_user_id', 'beer_ratings')
    14 ('beer_ratings', 'f2p_user_id', 'users')
    15 ('users', 'rev_f2p_user_id', 'beer_ratings')
    16 ('beer_ratings', 'f2p_beer_id', 'beers')

rank=3  auc_roc=0.825000  hop=1  sort_by=auc_roc  path=[15]
  decoded (logged order):
    15 ('users', 'rev_f2p_user_id', 'beer_ratings')
  decoded (forward order = reverse(path)): [15]
    15 ('users', 'rev_f2p_user_id', 'beer_ratings')

rank=4  auc_roc=0.825000  hop=3  sort_by=auc_roc  path=[11, 14, 15]
  decoded (logged order):
    11 ('users', 'rev_f2p_user_id', 'favorites')
    14 ('beer_ratings', 'f2p_user_id', 'users')
    15 ('users', 'rev_f2p_user_id', 'beer_ratings')
  decoded (forward order = reverse(path)): [15, 14, 11]
    15 ('users', 'rev_f2p_user_id', 'beer_ratings')
    14 ('beer_ratings', 'f2p_user_id', 'users')
    11 ('users', 'rev_f2p_user_id', 'favorites')

rank=5  auc_roc=0.825000  hop=3  sort_by=auc_roc  path=[4, 16, 15]
  decoded (logged order):
    4 ('beers', 'f2p_brewer_id', 'brewers')
    16 ('beer_ratings', 'f2p_beer_id', 'beers')
    15 ('users', 'rev_f2p_user_id', 'beer_ratings')
  decoded (forward order = reverse(path)): [15, 16, 4]
    15 ('users', 'rev_f2p_user_id', 'beer_ratings')
    16 ('beer_ratings', 'f2p_beer_id', 'beers')
    4 ('beers', 'f2p_brewer_id', 'brewers')

rank=6  auc_roc=0.825000  hop=3  sort_by=auc_roc  path=[9, 16, 15]
  decoded (logged order):
    9 ('beers', 'rev_f2p_beer_id', 'beer_upcs')
    16 ('beer_ratings', 'f2p_beer_id', 'beers')
    15 ('users', 'rev_f2p_user_id', 'beer_ratings')
  decoded (forward order = reverse(path)): [15, 16, 9]
    15 ('users', 'rev_f2p_user_id', 'beer_ratings')
    16 ('beer_ratings', 'f2p_beer_id', 'beers')
    9 ('beers', 'rev_f2p_beer_id', 'beer_upcs')

rank=7  auc_roc=0.816667  hop=2  sort_by=auc_roc  path=[14, 15]
  decoded (logged order):
    14 ('beer_ratings', 'f2p_user_id', 'users')
    15 ('users', 'rev_f2p_user_id', 'beer_ratings')
  decoded (forward order = reverse(path)): [15, 14]
    15 ('users', 'rev_f2p_user_id', 'beer_ratings')
    14 ('beer_ratings', 'f2p_user_id', 'users')

rank=8  auc_roc=0.816667  hop=4  sort_by=auc_roc  path=[36, 4, 16, 15]
  decoded (logged order):
    36 ('brewers', 'f2p_country_id', 'countries')
    4 ('beers', 'f2p_brewer_id', 'brewers')
    16 ('beer_ratings', 'f2p_beer_id', 'beers')
    15 ('users', 'rev_f2p_user_id', 'beer_ratings')
  decoded (forward order = reverse(path)): [15, 16, 4, 36]
    15 ('users', 'rev_f2p_user_id', 'beer_ratings')
    16 ('beer_ratings', 'f2p_beer_id', 'beers')
    4 ('beers', 'f2p_brewer_id', 'brewers')
    36 ('brewers', 'f2p_country_id', 'countries')

rank=9  auc_roc=0.816667  hop=2  sort_by=auc_roc  path=[16, 15]
  decoded (logged order):
    16 ('beer_ratings', 'f2p_beer_id', 'beers')
    15 ('users', 'rev_f2p_user_id', 'beer_ratings')
  decoded (forward order = reverse(path)): [15, 16]
    15 ('users', 'rev_f2p_user_id', 'beer_ratings')
    16 ('beer_ratings', 'f2p_beer_id', 'beers')

rank=10  auc_roc=0.816667  hop=3  sort_by=auc_roc  path=[6, 16, 15]
  decoded (logged order):
    6 ('beers', 'f2p_style_id', 'beer_styles')
    16 ('beer_ratings', 'f2p_beer_id', 'beers')
    15 ('users', 'rev_f2p_user_id', 'beer_ratings')
  decoded (forward order = reverse(path)): [15, 16, 6]
    15 ('users', 'rev_f2p_user_id', 'beer_ratings')
    16 ('beer_ratings', 'f2p_beer_id', 'beers')
    6 ('beers', 'f2p_style_id', 'beer_styles')

rank=11  auc_roc=0.816667  hop=4  sort_by=auc_roc  path=[8, 9, 16, 15]
  decoded (logged order):
    8 ('beer_upcs', 'f2p_beer_id', 'beers')
    9 ('beers', 'rev_f2p_beer_id', 'beer_upcs')
    16 ('beer_ratings', 'f2p_beer_id', 'beers')
    15 ('users', 'rev_f2p_user_id', 'beer_ratings')
  decoded (forward order = reverse(path)): [15, 16, 9, 8]
    15 ('users', 'rev_f2p_user_id', 'beer_ratings')
    16 ('beer_ratings', 'f2p_beer_id', 'beers')
    9 ('beers', 'rev_f2p_beer_id', 'beer_upcs')
    8 ('beer_upcs', 'f2p_beer_id', 'beers')

rank=12  auc_roc=0.808333  hop=3  sort_by=auc_roc  path=[33, 14, 15]
  decoded (logged order):
    33 ('users', 'rev_f2p_user_id', 'availability')
    14 ('beer_ratings', 'f2p_user_id', 'users')
    15 ('users', 'rev_f2p_user_id', 'beer_ratings')
  decoded (forward order = reverse(path)): [15, 14, 33]
    15 ('users', 'rev_f2p_user_id', 'beer_ratings')
    14 ('beer_ratings', 'f2p_user_id', 'users')
    33 ('users', 'rev_f2p_user_id', 'availability')

rank=13  auc_roc=0.808333  hop=4  sort_by=auc_roc  path=[10, 11, 14, 15]
  decoded (logged order):
    10 ('favorites', 'f2p_user_id', 'users')
    11 ('users', 'rev_f2p_user_id', 'favorites')
    14 ('beer_ratings', 'f2p_user_id', 'users')
    15 ('users', 'rev_f2p_user_id', 'beer_ratings')
  decoded (forward order = reverse(path)): [15, 14, 11, 10]
    15 ('users', 'rev_f2p_user_id', 'beer_ratings')
    14 ('beer_ratings', 'f2p_user_id', 'users')
    11 ('users', 'rev_f2p_user_id', 'favorites')
    10 ('favorites', 'f2p_user_id', 'users')

rank=14  auc_roc=0.808333  hop=4  sort_by=auc_roc  path=[38, 4, 16, 15]
  decoded (logged order):
    38 ('brewers', 'f2p_state_id', 'states')
    4 ('beers', 'f2p_brewer_id', 'brewers')
    16 ('beer_ratings', 'f2p_beer_id', 'beers')
    15 ('users', 'rev_f2p_user_id', 'beer_ratings')
  decoded (forward order = reverse(path)): [15, 16, 4, 38]
    15 ('users', 'rev_f2p_user_id', 'beer_ratings')
    16 ('beer_ratings', 'f2p_beer_id', 'beers')
    4 ('beers', 'f2p_brewer_id', 'brewers')
    38 ('brewers', 'f2p_state_id', 'states')

rank=15  auc_roc=0.808333  hop=4  sort_by=auc_roc  path=[7, 6, 16, 15]
  decoded (logged order):
    7 ('beer_styles', 'rev_f2p_style_id', 'beers')
    6 ('beers', 'f2p_style_id', 'beer_styles')
    16 ('beer_ratings', 'f2p_beer_id', 'beers')
    15 ('users', 'rev_f2p_user_id', 'beer_ratings')
  decoded (forward order = reverse(path)): [15, 16, 6, 7]
    15 ('users', 'rev_f2p_user_id', 'beer_ratings')
    16 ('beer_ratings', 'f2p_beer_id', 'beers')
    6 ('beers', 'f2p_style_id', 'beer_styles')
    7 ('beer_styles', 'rev_f2p_style_id', 'beers')

rank=16  auc_roc=0.808333  hop=4  sort_by=auc_roc  path=[30, 33, 14, 15]
  decoded (logged order):
    30 ('availability', 'f2p_country_id', 'countries')
    33 ('users', 'rev_f2p_user_id', 'availability')
    14 ('beer_ratings', 'f2p_user_id', 'users')
    15 ('users', 'rev_f2p_user_id', 'beer_ratings')
  decoded (forward order = reverse(path)): [15, 14, 33, 30]
    15 ('users', 'rev_f2p_user_id', 'beer_ratings')
    14 ('beer_ratings', 'f2p_user_id', 'users')
    33 ('users', 'rev_f2p_user_id', 'availability')
    30 ('availability', 'f2p_country_id', 'countries')

rank=17  auc_roc=0.800000  hop=3  sort_by=auc_roc  path=[15, 2, 3]
  decoded (logged order):
    15 ('users', 'rev_f2p_user_id', 'beer_ratings')
    2 ('place_ratings', 'f2p_user_id', 'users')
    3 ('users', 'rev_f2p_user_id', 'place_ratings')
  decoded (forward order = reverse(path)): [3, 2, 15]
    3 ('users', 'rev_f2p_user_id', 'place_ratings')
    2 ('place_ratings', 'f2p_user_id', 'users')
    15 ('users', 'rev_f2p_user_id', 'beer_ratings')

rank=18  auc_roc=0.800000  hop=4  sort_by=auc_roc  path=[5, 4, 16, 15]
  decoded (logged order):
    5 ('brewers', 'rev_f2p_brewer_id', 'beers')
    4 ('beers', 'f2p_brewer_id', 'brewers')
    16 ('beer_ratings', 'f2p_beer_id', 'beers')
    15 ('users', 'rev_f2p_user_id', 'beer_ratings')
  decoded (forward order = reverse(path)): [15, 16, 4, 5]
    15 ('users', 'rev_f2p_user_id', 'beer_ratings')
    16 ('beer_ratings', 'f2p_beer_id', 'beers')
    4 ('beers', 'f2p_brewer_id', 'brewers')
    5 ('brewers', 'rev_f2p_brewer_id', 'beers')

rank=19  auc_roc=0.800000  hop=4  sort_by=auc_roc  path=[26, 33, 14, 15]
  decoded (logged order):
    26 ('availability', 'f2p_beer_id', 'beers')
    33 ('users', 'rev_f2p_user_id', 'availability')
    14 ('beer_ratings', 'f2p_user_id', 'users')
    15 ('users', 'rev_f2p_user_id', 'beer_ratings')
  decoded (forward order = reverse(path)): [15, 14, 33, 26]
    15 ('users', 'rev_f2p_user_id', 'beer_ratings')
    14 ('beer_ratings', 'f2p_user_id', 'users')
    33 ('users', 'rev_f2p_user_id', 'availability')
    26 ('availability', 'f2p_beer_id', 'beers')

rank=20  auc_roc=0.800000  hop=4  sort_by=auc_roc  path=[28, 33, 14, 15]
  decoded (logged order):
    28 ('availability', 'f2p_place_id', 'places')
    33 ('users', 'rev_f2p_user_id', 'availability')
    14 ('beer_ratings', 'f2p_user_id', 'users')
    15 ('users', 'rev_f2p_user_id', 'beer_ratings')
  decoded (forward order = reverse(path)): [15, 14, 33, 28]
    15 ('users', 'rev_f2p_user_id', 'beer_ratings')
    14 ('beer_ratings', 'f2p_user_id', 'users')
    33 ('users', 'rev_f2p_user_id', 'availability')
    28 ('availability', 'f2p_place_id', 'places')

rank=21  auc_roc=0.783333  hop=4  sort_by=auc_roc  path=[14, 15, 14, 15]
  decoded (logged order):
    14 ('beer_ratings', 'f2p_user_id', 'users')
    15 ('users', 'rev_f2p_user_id', 'beer_ratings')
    14 ('beer_ratings', 'f2p_user_id', 'users')
    15 ('users', 'rev_f2p_user_id', 'beer_ratings')
  decoded (forward order = reverse(path)): [15, 14, 15, 14]
    15 ('users', 'rev_f2p_user_id', 'beer_ratings')
    14 ('beer_ratings', 'f2p_user_id', 'users')
    15 ('users', 'rev_f2p_user_id', 'beer_ratings')
    14 ('beer_ratings', 'f2p_user_id', 'users')

rank=22  auc_roc=0.766667  hop=3  sort_by=auc_roc  path=[15, 10, 11]
  decoded (logged order):
    15 ('users', 'rev_f2p_user_id', 'beer_ratings')
    10 ('favorites', 'f2p_user_id', 'users')
    11 ('users', 'rev_f2p_user_id', 'favorites')
  decoded (forward order = reverse(path)): [11, 10, 15]
    11 ('users', 'rev_f2p_user_id', 'favorites')
    10 ('favorites', 'f2p_user_id', 'users')
    15 ('users', 'rev_f2p_user_id', 'beer_ratings')

rank=23  auc_roc=0.683333  hop=1  sort_by=auc_roc  path=[11]
  decoded (logged order):
    11 ('users', 'rev_f2p_user_id', 'favorites')
  decoded (forward order = reverse(path)): [11]
    11 ('users', 'rev_f2p_user_id', 'favorites')

rank=24  auc_roc=0.675000  hop=1  sort_by=auc_roc  path=[3]
  decoded (logged order):
    3 ('users', 'rev_f2p_user_id', 'place_ratings')
  decoded (forward order = reverse(path)): [3]
    3 ('users', 'rev_f2p_user_id', 'place_ratings')

rank=25  auc_roc=0.658333  hop=3  sort_by=auc_roc  path=[24, 0, 3]
  decoded (logged order):
    24 ('places', 'f2p_country_id', 'countries')
    0 ('place_ratings', 'f2p_place_id', 'places')
    3 ('users', 'rev_f2p_user_id', 'place_ratings')
  decoded (forward order = reverse(path)): [3, 0, 24]
    3 ('users', 'rev_f2p_user_id', 'place_ratings')
    0 ('place_ratings', 'f2p_place_id', 'places')
    24 ('places', 'f2p_country_id', 'countries')

rank=26  auc_roc=0.650000  hop=3  sort_by=auc_roc  path=[11, 10, 11]
  decoded (logged order):
    11 ('users', 'rev_f2p_user_id', 'favorites')
    10 ('favorites', 'f2p_user_id', 'users')
    11 ('users', 'rev_f2p_user_id', 'favorites')
  decoded (forward order = reverse(path)): [11, 10, 11]
    11 ('users', 'rev_f2p_user_id', 'favorites')
    10 ('favorites', 'f2p_user_id', 'users')
    11 ('users', 'rev_f2p_user_id', 'favorites')

rank=27  auc_roc=0.650000  hop=3  sort_by=auc_roc  path=[1, 0, 3]
  decoded (logged order):
    1 ('places', 'rev_f2p_place_id', 'place_ratings')
    0 ('place_ratings', 'f2p_place_id', 'places')
    3 ('users', 'rev_f2p_user_id', 'place_ratings')
  decoded (forward order = reverse(path)): [3, 0, 1]
    3 ('users', 'rev_f2p_user_id', 'place_ratings')
    0 ('place_ratings', 'f2p_place_id', 'places')
    1 ('places', 'rev_f2p_place_id', 'place_ratings')

rank=28  auc_roc=0.641667  hop=2  sort_by=auc_roc  path=[10, 11]
  decoded (logged order):
    10 ('favorites', 'f2p_user_id', 'users')
    11 ('users', 'rev_f2p_user_id', 'favorites')
  decoded (forward order = reverse(path)): [11, 10]
    11 ('users', 'rev_f2p_user_id', 'favorites')
    10 ('favorites', 'f2p_user_id', 'users')

rank=29  auc_roc=0.633333  hop=2  sort_by=auc_roc  path=[2, 3]
  decoded (logged order):
    2 ('place_ratings', 'f2p_user_id', 'users')
    3 ('users', 'rev_f2p_user_id', 'place_ratings')
  decoded (forward order = reverse(path)): [3, 2]
    3 ('users', 'rev_f2p_user_id', 'place_ratings')
    2 ('place_ratings', 'f2p_user_id', 'users')

rank=30  auc_roc=0.633333  hop=2  sort_by=auc_roc  path=[0, 3]
  decoded (logged order):
    0 ('place_ratings', 'f2p_place_id', 'places')
    3 ('users', 'rev_f2p_user_id', 'place_ratings')
  decoded (forward order = reverse(path)): [3, 0]
    3 ('users', 'rev_f2p_user_id', 'place_ratings')
    0 ('place_ratings', 'f2p_place_id', 'places')

rank=31  auc_roc=0.633333  hop=3  sort_by=auc_roc  path=[3, 2, 3]
  decoded (logged order):
    3 ('users', 'rev_f2p_user_id', 'place_ratings')
    2 ('place_ratings', 'f2p_user_id', 'users')
    3 ('users', 'rev_f2p_user_id', 'place_ratings')
  decoded (forward order = reverse(path)): [3, 2, 3]
    3 ('users', 'rev_f2p_user_id', 'place_ratings')
    2 ('place_ratings', 'f2p_user_id', 'users')
    3 ('users', 'rev_f2p_user_id', 'place_ratings')

rank=32  auc_roc=0.625000  hop=3  sort_by=auc_roc  path=[33, 2, 3]
  decoded (logged order):
    33 ('users', 'rev_f2p_user_id', 'availability')
    2 ('place_ratings', 'f2p_user_id', 'users')
    3 ('users', 'rev_f2p_user_id', 'place_ratings')
  decoded (forward order = reverse(path)): [3, 2, 33]
    3 ('users', 'rev_f2p_user_id', 'place_ratings')
    2 ('place_ratings', 'f2p_user_id', 'users')
    33 ('users', 'rev_f2p_user_id', 'availability')

rank=33  auc_roc=0.616667  hop=3  sort_by=auc_roc  path=[20, 0, 3]
  decoded (logged order):
    20 ('places', 'f2p_state_id', 'states')
    0 ('place_ratings', 'f2p_place_id', 'places')
    3 ('users', 'rev_f2p_user_id', 'place_ratings')
  decoded (forward order = reverse(path)): [3, 0, 20]
    3 ('users', 'rev_f2p_user_id', 'place_ratings')
    0 ('place_ratings', 'f2p_place_id', 'places')
    20 ('places', 'f2p_state_id', 'states')

